<?xml version="1.0" encoding="UTF-8" ?>
<testsuite failures="0" time="0.082" errors="0" skipped="0" tests="3" name="br.edu.mgg.axelrod.UtilsTest">
  <properties>
    <property name="java.runtime.name" value="Java(TM) SE Runtime Environment"/>
    <property name="sun.boot.library.path" value="/opt/jdk1.6.0_13/jre/lib/amd64"/>
    <property name="java.vm.version" value="11.3-b02"/>
    <property name="java.vm.vendor" value="Sun Microsystems Inc."/>
    <property name="java.vendor.url" value="http://java.sun.com/"/>
    <property name="path.separator" value=":"/>
    <property name="java.vm.name" value="Java HotSpot(TM) 64-Bit Server VM"/>
    <property name="file.encoding.pkg" value="sun.io"/>
    <property name="user.country" value="US"/>
    <property name="sun.java.launcher" value="SUN_STANDARD"/>
    <property name="sun.os.patch.level" value="unknown"/>
    <property name="java.vm.specification.name" value="Java Virtual Machine Specification"/>
    <property name="user.dir" value="/mnt/dados/workspaces/java/axelrod"/>
    <property name="java.runtime.version" value="1.6.0_13-b03"/>
    <property name="java.awt.graphicsenv" value="sun.awt.X11GraphicsEnvironment"/>
    <property name="basedir" value="/mnt/dados/workspaces/java/axelrod"/>
    <property name="java.endorsed.dirs" value="/opt/jdk1.6.0_13/jre/lib/endorsed"/>
    <property name="os.arch" value="amd64"/>
    <property name="surefire.real.class.path" value="/tmp/surefirebooter74074753775032589.jar"/>
    <property name="java.io.tmpdir" value="/tmp"/>
    <property name="line.separator" value="
"/>
    <property name="java.vm.specification.vendor" value="Sun Microsystems Inc."/>
    <property name="os.name" value="Linux"/>
    <property name="sun.jnu.encoding" value="UTF-8"/>
    <property name="java.library.path" value="/opt/jdk1.6.0_13/jre/lib/amd64/server:/opt/jdk1.6.0_13/jre/lib/amd64:/opt/jdk1.6.0_13/jre/../lib/amd64:/usr/java/packages/lib/amd64:/lib:/usr/lib"/>
    <property name="surefire.test.class.path" value="/mnt/dados/workspaces/java/axelrod/target/test-classes:/mnt/dados/workspaces/java/axelrod/target/classes:/home/muggler/.m2/repository/commons-collections/commons-collections/3.2.1/commons-collections-3.2.1.jar:/home/muggler/.m2/repository/jfree/jfreechart/1.0.12/jfreechart-1.0.12.jar:/home/muggler/.m2/repository/jfree/jcommon/1.0.15/jcommon-1.0.15.jar:/home/muggler/.m2/repository/junit/junit/4.5/junit-4.5.jar:"/>
    <property name="java.specification.name" value="Java Platform API Specification"/>
    <property name="java.class.version" value="50.0"/>
    <property name="sun.management.compiler" value="HotSpot 64-Bit Server Compiler"/>
    <property name="os.version" value="2.6.35-25-generic"/>
    <property name="user.home" value="/home/muggler"/>
    <property name="user.timezone" value=""/>
    <property name="java.awt.printerjob" value="sun.print.PSPrinterJob"/>
    <property name="file.encoding" value="UTF-8"/>
    <property name="java.specification.version" value="1.6"/>
    <property name="user.name" value="muggler"/>
    <property name="java.class.path" value="/mnt/dados/workspaces/java/axelrod/target/test-classes:/mnt/dados/workspaces/java/axelrod/target/classes:/home/muggler/.m2/repository/commons-collections/commons-collections/3.2.1/commons-collections-3.2.1.jar:/home/muggler/.m2/repository/jfree/jfreechart/1.0.12/jfreechart-1.0.12.jar:/home/muggler/.m2/repository/jfree/jcommon/1.0.15/jcommon-1.0.15.jar:/home/muggler/.m2/repository/junit/junit/4.5/junit-4.5.jar:"/>
    <property name="java.vm.specification.version" value="1.0"/>
    <property name="sun.arch.data.model" value="64"/>
    <property name="java.home" value="/opt/jdk1.6.0_13/jre"/>
    <property name="java.specification.vendor" value="Sun Microsystems Inc."/>
    <property name="user.language" value="en"/>
    <property name="java.vm.info" value="mixed mode"/>
    <property name="java.version" value="1.6.0_13"/>
    <property name="java.ext.dirs" value="/opt/jdk1.6.0_13/jre/lib/ext:/usr/java/packages/lib/ext"/>
    <property name="sun.boot.class.path" value="/opt/jdk1.6.0_13/jre/lib/resources.jar:/opt/jdk1.6.0_13/jre/lib/rt.jar:/opt/jdk1.6.0_13/jre/lib/sunrsasign.jar:/opt/jdk1.6.0_13/jre/lib/jsse.jar:/opt/jdk1.6.0_13/jre/lib/jce.jar:/opt/jdk1.6.0_13/jre/lib/charsets.jar:/opt/jdk1.6.0_13/jre/classes"/>
    <property name="java.vendor" value="Sun Microsystems Inc."/>
    <property name="localRepository" value="/home/muggler/.m2/repository"/>
    <property name="file.separator" value="/"/>
    <property name="java.vendor.url.bug" value="http://java.sun.com/cgi-bin/bugreport.cgi"/>
    <property name="sun.cpu.endian" value="little"/>
    <property name="sun.io.unicode.encoding" value="UnicodeLittle"/>
    <property name="sun.desktop" value="gnome"/>
    <property name="sun.cpu.isalist" value=""/>
  </properties>
  <testcase time="0.019" classname="br.edu.mgg.axelrod.UtilsTest" name="testXnor"/>
  <testcase time="0.017" classname="br.edu.mgg.axelrod.UtilsTest" name="testNextPowerOfTwo"/>
  <testcase time="0.009" classname="br.edu.mgg.axelrod.UtilsTest" name="test_to_binary_string"/>
</testsuite>